2010-05-24 12:21:56-0700 [-] Log opened.
2010-05-24 12:21:56-0700 [-] twistd 10.0.0 (/usr/bin/python 2.6.5) starting up.
2010-05-24 12:21:56-0700 [-] reactor class: twisted.internet.selectreactor.SelectReactor.
2010-05-24 12:21:56-0700 [-] backend.gogodeXFactory starting on 79
2010-05-24 12:21:56-0700 [-] Starting factory <backend.gogodeXFactory instance at 0x1ce2b00>
2010-05-24 12:21:56-0700 [-] set uid/gid 1/1
2010-05-24 12:22:20-0700 [backend.gogodeXFactory] Unhandled Error
	Traceback (most recent call last):
	  File "/usr/lib/python2.6/site-packages/twisted/python/log.py", line 69, in callWithContext
	    return context.call({ILogContext: newCtx}, func, *args, **kw)
	  File "/usr/lib/python2.6/site-packages/twisted/python/context.py", line 59, in callWithContext
	    return self.currentContext().callWithContext(ctx, func, *args, **kw)
	  File "/usr/lib/python2.6/site-packages/twisted/python/context.py", line 37, in callWithContext
	    return func(*args,**kw)
	  File "/usr/lib/python2.6/site-packages/twisted/internet/selectreactor.py", line 146, in _doReadOrWrite
	    why = getattr(selectable, method)()
	--- <exception caught here> ---
	  File "/usr/lib/python2.6/site-packages/twisted/internet/tcp.py", line 930, in doRead
	    protocol = self.factory.buildProtocol(self._buildAddr(addr))
	  File "/usr/lib/python2.6/site-packages/twisted/internet/protocol.py", line 98, in buildProtocol
	    p = self.protocol()
	  File "/home/jake/Documents/WhereAreYou/server/backend.py", line 30, in __init__
	    
	exceptions.OSError: [Errno 25] Inappropriate ioctl for device
	
2010-05-24 12:22:20-0700 [backend.gogodeXFactory] Unhandled Error
	Traceback (most recent call last):
	  File "/usr/lib/python2.6/site-packages/twisted/python/log.py", line 69, in callWithContext
	    return context.call({ILogContext: newCtx}, func, *args, **kw)
	  File "/usr/lib/python2.6/site-packages/twisted/python/context.py", line 59, in callWithContext
	    return self.currentContext().callWithContext(ctx, func, *args, **kw)
	  File "/usr/lib/python2.6/site-packages/twisted/python/context.py", line 37, in callWithContext
	    return func(*args,**kw)
	  File "/usr/lib/python2.6/site-packages/twisted/internet/selectreactor.py", line 146, in _doReadOrWrite
	    why = getattr(selectable, method)()
	--- <exception caught here> ---
	  File "/usr/lib/python2.6/site-packages/twisted/internet/tcp.py", line 930, in doRead
	    protocol = self.factory.buildProtocol(self._buildAddr(addr))
	  File "/usr/lib/python2.6/site-packages/twisted/internet/protocol.py", line 98, in buildProtocol
	    p = self.protocol()
	  File "/home/jake/Documents/WhereAreYou/server/backend.py", line 30, in __init__
	    
	exceptions.OSError: [Errno 25] Inappropriate ioctl for device
	
2010-05-24 12:22:20-0700 [backend.gogodeXFactory] Unhandled Error
	Traceback (most recent call last):
	  File "/usr/lib/python2.6/site-packages/twisted/python/log.py", line 69, in callWithContext
	    return context.call({ILogContext: newCtx}, func, *args, **kw)
	  File "/usr/lib/python2.6/site-packages/twisted/python/context.py", line 59, in callWithContext
	    return self.currentContext().callWithContext(ctx, func, *args, **kw)
	  File "/usr/lib/python2.6/site-packages/twisted/python/context.py", line 37, in callWithContext
	    return func(*args,**kw)
	  File "/usr/lib/python2.6/site-packages/twisted/internet/selectreactor.py", line 146, in _doReadOrWrite
	    why = getattr(selectable, method)()
	--- <exception caught here> ---
	  File "/usr/lib/python2.6/site-packages/twisted/internet/tcp.py", line 930, in doRead
	    protocol = self.factory.buildProtocol(self._buildAddr(addr))
	  File "/usr/lib/python2.6/site-packages/twisted/internet/protocol.py", line 98, in buildProtocol
	    p = self.protocol()
	  File "/home/jake/Documents/WhereAreYou/server/backend.py", line 30, in __init__
	    
	exceptions.OSError: [Errno 25] Inappropriate ioctl for device
	
2010-05-24 12:22:44-0700 [-] Received SIGTERM, shutting down.
2010-05-24 12:22:44-0700 [-] (Port 79 Closed)
2010-05-24 12:22:44-0700 [-] Stopping factory <backend.gogodeXFactory instance at 0x1ce2b00>
2010-05-24 12:22:44-0700 [-] Main loop terminated.
2010-05-24 12:22:44-0700 [-] Warning: No permission to delete pid file
2010-05-24 12:22:44-0700 [-] Server Shut Down.
